INFO:root:2021-12-22 16:29:05.768155|main|starting
INFO:root:2021-12-22 16:29:05.768308|get_config|starting
INFO:root:2021-12-22 16:29:05.768510|get_config|starting
INFO:root:2021-12-22 16:29:05.768812|ens_task|starting
INFO:discord.client:logging in using static token
INFO:discord.gateway:Shard ID None has sent the IDENTIFY payload.
INFO:discord.gateway:Shard ID None has connected to Gateway: ["gateway-prd-main-8g65",{"micros":39682,"calls":["discord-sessions-blue-prd-2-66",{"micros":38910,"calls":["start_session",{"micros":28007,"calls":["api-prd-main-4qmx",{"micros":24696,"calls":["get_user",{"micros":3234},"add_authorized_ip",{"micros":1405},"get_guilds",{"micros":3474},"coros_wait",{"micros":1}]}]},"guilds_connect",{"micros":2,"calls":[]},"presence_connect",{"micros":10077,"calls":[]}]}]}] (Session ID: 691e230a8a0b1245cec4213ed897768d).
INFO:root:2021-12-22 16:29:08.210603|connect_to_endpoint|starting
INFO:root:2021-12-22 16:29:08.674475|connect_to_endpoint|completed
INFO:root:2021-12-22 16:29:24.248679|ens_task|sleeping for 180 secs....zZzZ
INFO:root:2021-12-22 16:32:24.257373|connect_to_endpoint|starting
INFO:root:2021-12-22 16:32:24.815869|connect_to_endpoint|completed
INFO:root:2021-12-22 16:32:45.524913|ens_task|sleeping for 180 secs....zZzZ
INFO:root:2021-12-22 16:35:45.532852|connect_to_endpoint|starting
INFO:root:2021-12-22 16:35:46.023044|connect_to_endpoint|completed
INFO:root:2021-12-22 16:35:51.274139|ens_task|sleeping for 180 secs....zZzZ
INFO:discord.client:Cleaning up tasks.
INFO:discord.client:Cleaning up after 2 tasks.
INFO:discord.client:All tasks finished cancelling.
INFO:discord.client:Closing the event loop.
INFO:root:2021-12-22 16:38:49.439503|INFO|main|completed
